<?xml version="1.0" encoding="UTF-8"?>
<!-- Generated by org.testng.reporters.JUnitReportReporter -->
<testsuite hostname="LT-261716" failures="0" tests="1" name="com.trello.LoginTest" time="28.422" errors="0" timestamp="28 Nov 2019 12:32:14 GMT" skipped="0">
  <testcase classname="com.trello.LoginTest" name="loginPageTest" time="28.422"/>
</testsuite> <!-- com.trello.LoginTest -->
